{"/Users/aleksandrpavlov/subd2/app.js": {"path":"/Users/aleksandrpavlov/subd2/app.js","statementMap":{"0":{"start":{"line":1,"column":18},"end":{"line":1,"column":40}},"1":{"start":{"line":2,"column":14},"end":{"line":2,"column":32}},"2":{"start":{"line":3,"column":11},"end":{"line":3,"column":26}},"3":{"start":{"line":4,"column":19},"end":{"line":4,"column":43}},"4":{"start":{"line":5,"column":13},"end":{"line":5,"column":30}},"5":{"start":{"line":6,"column":12},"end":{"line":6,"column":48}},"6":{"start":{"line":7,"column":11},"end":{"line":7,"column":67}},"7":{"start":{"line":9,"column":18},"end":{"line":9,"column":43}},"8":{"start":{"line":10,"column":18},"end":{"line":10,"column":43}},"9":{"start":{"line":11,"column":20},"end":{"line":11,"column":47}},"10":{"start":{"line":12,"column":19},"end":{"line":12,"column":45}},"11":{"start":{"line":13,"column":21},"end":{"line":13,"column":49}},"12":{"start":{"line":15,"column":10},"end":{"line":15,"column":19}},"13":{"start":{"line":17,"column":0},"end":{"line":17,"column":33}},"14":{"start":{"line":20,"column":0},"end":{"line":20,"column":48}},"15":{"start":{"line":21,"column":0},"end":{"line":21,"column":30}},"16":{"start":{"line":23,"column":0},"end":{"line":23,"column":23}},"17":{"start":{"line":24,"column":0},"end":{"line":24,"column":24}},"18":{"start":{"line":25,"column":0},"end":{"line":25,"column":49}},"19":{"start":{"line":26,"column":0},"end":{"line":26,"column":24}},"20":{"start":{"line":27,"column":0},"end":{"line":27,"column":56}},"21":{"start":{"line":29,"column":0},"end":{"line":32,"column":2}},"22":{"start":{"line":30,"column":4},"end":{"line":30,"column":16}},"23":{"start":{"line":31,"column":4},"end":{"line":31,"column":11}},"24":{"start":{"line":34,"column":0},"end":{"line":34,"column":26}},"25":{"start":{"line":35,"column":0},"end":{"line":35,"column":31}},"26":{"start":{"line":36,"column":0},"end":{"line":36,"column":35}},"27":{"start":{"line":37,"column":0},"end":{"line":37,"column":33}},"28":{"start":{"line":38,"column":0},"end":{"line":38,"column":37}},"29":{"start":{"line":40,"column":15},"end":{"line":40,"column":38}},"30":{"start":{"line":41,"column":0},"end":{"line":41,"column":21}},"31":{"start":{"line":42,"column":15},"end":{"line":42,"column":43}},"32":{"start":{"line":43,"column":0},"end":{"line":43,"column":27}},"33":{"start":{"line":45,"column":16},"end":{"line":45,"column":45}},"34":{"start":{"line":46,"column":0},"end":{"line":46,"column":29}},"35":{"start":{"line":48,"column":18},"end":{"line":48,"column":49}},"36":{"start":{"line":49,"column":0},"end":{"line":49,"column":33}},"37":{"start":{"line":51,"column":0},"end":{"line":53,"column":3}},"38":{"start":{"line":52,"column":4},"end":{"line":52,"column":27}},"39":{"start":{"line":56,"column":0},"end":{"line":64,"column":3}},"40":{"start":{"line":58,"column":4},"end":{"line":58,"column":37}},"41":{"start":{"line":59,"column":4},"end":{"line":59,"column":71}},"42":{"start":{"line":62,"column":4},"end":{"line":62,"column":34}},"43":{"start":{"line":63,"column":4},"end":{"line":63,"column":24}},"44":{"start":{"line":66,"column":0},"end":{"line":66,"column":21}}},"fnMap":{"0":{"name":"(anonymous_0)","decl":{"start":{"line":29,"column":8},"end":{"line":29,"column":9}},"loc":{"start":{"line":29,"column":30},"end":{"line":32,"column":1}},"line":29},"1":{"name":"(anonymous_1)","decl":{"start":{"line":51,"column":8},"end":{"line":51,"column":9}},"loc":{"start":{"line":51,"column":33},"end":{"line":53,"column":1}},"line":51},"2":{"name":"(anonymous_2)","decl":{"start":{"line":56,"column":8},"end":{"line":56,"column":9}},"loc":{"start":{"line":56,"column":38},"end":{"line":64,"column":1}},"line":56}},"branchMap":{"0":{"loc":{"start":{"line":59,"column":23},"end":{"line":59,"column":70}},"type":"cond-expr","locations":[{"start":{"line":59,"column":62},"end":{"line":59,"column":65}},{"start":{"line":59,"column":68},"end":{"line":59,"column":70}}],"line":59},"1":{"loc":{"start":{"line":62,"column":15},"end":{"line":62,"column":32}},"type":"binary-expr","locations":[{"start":{"line":62,"column":15},"end":{"line":62,"column":25}},{"start":{"line":62,"column":29},"end":{"line":62,"column":32}}],"line":62}},"s":{"0":1,"1":1,"2":1,"3":1,"4":1,"5":1,"6":1,"7":1,"8":1,"9":1,"10":1,"11":1,"12":1,"13":1,"14":1,"15":1,"16":1,"17":1,"18":1,"19":1,"20":1,"21":1,"22":1,"23":1,"24":1,"25":1,"26":1,"27":1,"28":1,"29":1,"30":1,"31":1,"32":1,"33":1,"34":1,"35":1,"36":1,"37":1,"38":1,"39":1,"40":1,"41":1,"42":1,"43":1,"44":1},"f":{"0":1,"1":1,"2":1},"b":{"0":[0,1],"1":[1,0]},"_coverageSchema":"1a1c01bbd47fc00a2c39e90264f33305004495a9","hash":"ee087fd59314ba490757c85ea5cc47cb8bb2a4fe"}
,"/Users/aleksandrpavlov/subd2/session.js": {"path":"/Users/aleksandrpavlov/subd2/session.js","statementMap":{"0":{"start":{"line":1,"column":12},"end":{"line":1,"column":26}},"1":{"start":{"line":2,"column":15},"end":{"line":2,"column":32}},"2":{"start":{"line":4,"column":0},"end":{"line":5,"column":1}},"3":{"start":{"line":7,"column":0},"end":{"line":29,"column":1}},"4":{"start":{"line":9,"column":18},"end":{"line":9,"column":29}},"5":{"start":{"line":10,"column":17},"end":{"line":10,"column":36}},"6":{"start":{"line":12,"column":15},"end":{"line":12,"column":78}},"7":{"start":{"line":13,"column":21},"end":{"line":13,"column":30}},"8":{"start":{"line":14,"column":4},"end":{"line":27,"column":5}},"9":{"start":{"line":15,"column":8},"end":{"line":15,"column":26}},"10":{"start":{"line":16,"column":19},"end":{"line":18,"column":26}},"11":{"start":{"line":20,"column":21},"end":{"line":20,"column":40}},"12":{"start":{"line":21,"column":8},"end":{"line":24,"column":9}},"13":{"start":{"line":25,"column":8},"end":{"line":25,"column":43}},"14":{"start":{"line":26,"column":8},"end":{"line":26,"column":22}},"15":{"start":{"line":28,"column":4},"end":{"line":28,"column":13}},"16":{"start":{"line":31,"column":0},"end":{"line":55,"column":1}},"17":{"start":{"line":33,"column":18},"end":{"line":33,"column":29}},"18":{"start":{"line":35,"column":17},"end":{"line":35,"column":36}},"19":{"start":{"line":37,"column":4},"end":{"line":39,"column":5}},"20":{"start":{"line":38,"column":8},"end":{"line":38,"column":17}},"21":{"start":{"line":40,"column":14},"end":{"line":40,"column":32}},"22":{"start":{"line":42,"column":4},"end":{"line":44,"column":5}},"23":{"start":{"line":43,"column":8},"end":{"line":43,"column":17}},"24":{"start":{"line":45,"column":18},"end":{"line":45,"column":42}},"25":{"start":{"line":46,"column":4},"end":{"line":48,"column":5}},"26":{"start":{"line":47,"column":8},"end":{"line":47,"column":18}},"27":{"start":{"line":49,"column":28},"end":{"line":49,"column":48}},"28":{"start":{"line":51,"column":4},"end":{"line":53,"column":5}},"29":{"start":{"line":52,"column":8},"end":{"line":52,"column":18}},"30":{"start":{"line":54,"column":4},"end":{"line":54,"column":19}},"31":{"start":{"line":57,"column":0},"end":{"line":67,"column":1}},"32":{"start":{"line":59,"column":14},"end":{"line":59,"column":16}},"33":{"start":{"line":61,"column":4},"end":{"line":61,"column":47}},"34":{"start":{"line":62,"column":4},"end":{"line":62,"column":49}},"35":{"start":{"line":63,"column":4},"end":{"line":63,"column":47}},"36":{"start":{"line":64,"column":4},"end":{"line":64,"column":48}},"37":{"start":{"line":66,"column":4},"end":{"line":66,"column":14}},"38":{"start":{"line":69,"column":0},"end":{"line":72,"column":1}},"39":{"start":{"line":70,"column":4},"end":{"line":71,"column":5}}},"fnMap":{"0":{"name":"(anonymous_0)","decl":{"start":{"line":7,"column":16},"end":{"line":7,"column":17}},"loc":{"start":{"line":7,"column":49},"end":{"line":29,"column":1}},"line":7},"1":{"name":"(anonymous_1)","decl":{"start":{"line":31,"column":15},"end":{"line":31,"column":16}},"loc":{"start":{"line":31,"column":29},"end":{"line":55,"column":1}},"line":31},"2":{"name":"(anonymous_2)","decl":{"start":{"line":57,"column":14},"end":{"line":57,"column":15}},"loc":{"start":{"line":57,"column":29},"end":{"line":67,"column":1}},"line":57},"3":{"name":"(anonymous_3)","decl":{"start":{"line":69,"column":17},"end":{"line":69,"column":18}},"loc":{"start":{"line":69,"column":33},"end":{"line":72,"column":1}},"line":69}},"branchMap":{"0":{"loc":{"start":{"line":14,"column":4},"end":{"line":27,"column":5}},"type":"if","locations":[{"start":{"line":14,"column":4},"end":{"line":27,"column":5}},{"start":{},"end":{}}],"line":14},"1":{"loc":{"start":{"line":14,"column":8},"end":{"line":14,"column":39}},"type":"binary-expr","locations":[{"start":{"line":14,"column":8},"end":{"line":14,"column":12}},{"start":{"line":14,"column":17},"end":{"line":14,"column":38}}],"line":14},"2":{"loc":{"start":{"line":37,"column":4},"end":{"line":39,"column":5}},"type":"if","locations":[{"start":{"line":37,"column":4},"end":{"line":39,"column":5}},{"start":{},"end":{}}],"line":37},"3":{"loc":{"start":{"line":42,"column":4},"end":{"line":44,"column":5}},"type":"if","locations":[{"start":{"line":42,"column":4},"end":{"line":44,"column":5}},{"start":{},"end":{}}],"line":42},"4":{"loc":{"start":{"line":46,"column":4},"end":{"line":48,"column":5}},"type":"if","locations":[{"start":{"line":46,"column":4},"end":{"line":48,"column":5}},{"start":{},"end":{}}],"line":46},"5":{"loc":{"start":{"line":51,"column":4},"end":{"line":53,"column":5}},"type":"if","locations":[{"start":{"line":51,"column":4},"end":{"line":53,"column":5}},{"start":{},"end":{}}],"line":51},"6":{"loc":{"start":{"line":51,"column":8},"end":{"line":51,"column":81}},"type":"binary-expr","locations":[{"start":{"line":51,"column":8},"end":{"line":51,"column":23}},{"start":{"line":51,"column":28},"end":{"line":51,"column":80}}],"line":51},"7":{"loc":{"start":{"line":61,"column":21},"end":{"line":61,"column":47}},"type":"binary-expr","locations":[{"start":{"line":61,"column":21},"end":{"line":61,"column":25}},{"start":{"line":61,"column":29},"end":{"line":61,"column":47}}],"line":61},"8":{"loc":{"start":{"line":62,"column":24},"end":{"line":62,"column":49}},"type":"binary-expr","locations":[{"start":{"line":62,"column":24},"end":{"line":62,"column":28}},{"start":{"line":62,"column":32},"end":{"line":62,"column":49}}],"line":62},"9":{"loc":{"start":{"line":63,"column":22},"end":{"line":63,"column":47}},"type":"binary-expr","locations":[{"start":{"line":63,"column":22},"end":{"line":63,"column":26}},{"start":{"line":63,"column":30},"end":{"line":63,"column":47}}],"line":63},"10":{"loc":{"start":{"line":64,"column":23},"end":{"line":64,"column":48}},"type":"binary-expr","locations":[{"start":{"line":64,"column":23},"end":{"line":64,"column":27}},{"start":{"line":64,"column":31},"end":{"line":64,"column":48}}],"line":64}},"s":{"0":1,"1":1,"2":1,"3":1,"4":0,"5":0,"6":0,"7":0,"8":0,"9":0,"10":0,"11":0,"12":0,"13":0,"14":0,"15":0,"16":1,"17":0,"18":0,"19":0,"20":0,"21":0,"22":0,"23":0,"24":0,"25":0,"26":0,"27":0,"28":0,"29":0,"30":0,"31":1,"32":0,"33":0,"34":0,"35":0,"36":0,"37":0,"38":1,"39":0},"f":{"0":0,"1":0,"2":0,"3":0},"b":{"0":[0,0],"1":[0,0],"2":[0,0],"3":[0,0],"4":[0,0],"5":[0,0],"6":[0,0],"7":[0,0],"8":[0,0],"9":[0,0],"10":[0,0]},"_coverageSchema":"1a1c01bbd47fc00a2c39e90264f33305004495a9","hash":"fee071bd365ec2b0e51859a0bfe376aa68a24dfd"}
,"/Users/aleksandrpavlov/subd2/routes/api.js": {"path":"/Users/aleksandrpavlov/subd2/routes/api.js","statementMap":{"0":{"start":{"line":1,"column":14},"end":{"line":1,"column":32}},"1":{"start":{"line":2,"column":14},"end":{"line":2,"column":30}},"2":{"start":{"line":4,"column":0},"end":{"line":4,"column":23}}},"fnMap":{},"branchMap":{},"s":{"0":1,"1":1,"2":1},"f":{},"b":{},"_coverageSchema":"1a1c01bbd47fc00a2c39e90264f33305004495a9","hash":"c683f8cc2af14213fb7a2bd74351c5cebe0d76e9"}
,"/Users/aleksandrpavlov/subd2/routes/clients.js": {"path":"/Users/aleksandrpavlov/subd2/routes/clients.js","statementMap":{"0":{"start":{"line":1,"column":14},"end":{"line":1,"column":32}},"1":{"start":{"line":2,"column":13},"end":{"line":2,"column":29}},"2":{"start":{"line":4,"column":0},"end":{"line":15,"column":3}},"3":{"start":{"line":6,"column":18},"end":{"line":11,"column":6}},"4":{"start":{"line":12,"column":4},"end":{"line":12,"column":24}},"5":{"start":{"line":13,"column":4},"end":{"line":13,"column":70}},"6":{"start":{"line":17,"column":0},"end":{"line":17,"column":24}}},"fnMap":{"0":{"name":"(anonymous_0)","decl":{"start":{"line":4,"column":16},"end":{"line":4,"column":17}},"loc":{"start":{"line":4,"column":47},"end":{"line":15,"column":1}},"line":4}},"branchMap":{},"s":{"0":1,"1":1,"2":1,"3":0,"4":0,"5":0,"6":1},"f":{"0":0},"b":{},"_coverageSchema":"1a1c01bbd47fc00a2c39e90264f33305004495a9","hash":"ad48beeaf1117b80558abedaf05a988a2b9e6ae7"}
,"/Users/aleksandrpavlov/subd2/routes/index.js": {"path":"/Users/aleksandrpavlov/subd2/routes/index.js","statementMap":{"0":{"start":{"line":1,"column":14},"end":{"line":1,"column":32}},"1":{"start":{"line":2,"column":13},"end":{"line":2,"column":29}},"2":{"start":{"line":5,"column":0},"end":{"line":17,"column":3}},"3":{"start":{"line":7,"column":15},"end":{"line":7,"column":37}},"4":{"start":{"line":8,"column":14},"end":{"line":8,"column":31}},"5":{"start":{"line":10,"column":4},"end":{"line":14,"column":6}},"6":{"start":{"line":19,"column":0},"end":{"line":19,"column":24}}},"fnMap":{"0":{"name":"(anonymous_0)","decl":{"start":{"line":5,"column":16},"end":{"line":5,"column":17}},"loc":{"start":{"line":5,"column":41},"end":{"line":17,"column":1}},"line":5}},"branchMap":{},"s":{"0":1,"1":1,"2":1,"3":0,"4":0,"5":0,"6":1},"f":{"0":0},"b":{},"_coverageSchema":"1a1c01bbd47fc00a2c39e90264f33305004495a9","hash":"7edeed5b7ef7e075ed696d4dc405109f5496c24a"}
,"/Users/aleksandrpavlov/subd2/routes/orders.js": {"path":"/Users/aleksandrpavlov/subd2/routes/orders.js","statementMap":{"0":{"start":{"line":1,"column":14},"end":{"line":1,"column":32}},"1":{"start":{"line":2,"column":13},"end":{"line":2,"column":29}},"2":{"start":{"line":4,"column":0},"end":{"line":30,"column":3}},"3":{"start":{"line":6,"column":17},"end":{"line":19,"column":6}},"4":{"start":{"line":20,"column":4},"end":{"line":20,"column":23}},"5":{"start":{"line":21,"column":19},"end":{"line":26,"column":6}},"6":{"start":{"line":27,"column":4},"end":{"line":27,"column":24}},"7":{"start":{"line":28,"column":4},"end":{"line":28,"column":84}},"8":{"start":{"line":32,"column":0},"end":{"line":40,"column":3}},"9":{"start":{"line":34,"column":16},"end":{"line":34,"column":24}},"10":{"start":{"line":36,"column":4},"end":{"line":36,"column":119}},"11":{"start":{"line":38,"column":4},"end":{"line":38,"column":23}},"12":{"start":{"line":43,"column":0},"end":{"line":66,"column":3}},"13":{"start":{"line":45,"column":13},"end":{"line":45,"column":26}},"14":{"start":{"line":47,"column":16},"end":{"line":62,"column":6}},"15":{"start":{"line":64,"column":4},"end":{"line":64,"column":77}},"16":{"start":{"line":68,"column":0},"end":{"line":68,"column":24}}},"fnMap":{"0":{"name":"(anonymous_0)","decl":{"start":{"line":4,"column":16},"end":{"line":4,"column":17}},"loc":{"start":{"line":4,"column":47},"end":{"line":30,"column":1}},"line":4},"1":{"name":"(anonymous_1)","decl":{"start":{"line":32,"column":23},"end":{"line":32,"column":24}},"loc":{"start":{"line":32,"column":54},"end":{"line":40,"column":1}},"line":32},"2":{"name":"(anonymous_2)","decl":{"start":{"line":43,"column":19},"end":{"line":43,"column":20}},"loc":{"start":{"line":43,"column":44},"end":{"line":66,"column":1}},"line":43}},"branchMap":{},"s":{"0":1,"1":1,"2":1,"3":0,"4":0,"5":0,"6":0,"7":0,"8":1,"9":0,"10":0,"11":0,"12":1,"13":0,"14":0,"15":0,"16":1},"f":{"0":0,"1":0,"2":0},"b":{},"_coverageSchema":"1a1c01bbd47fc00a2c39e90264f33305004495a9","hash":"44f235267299776828f3f7c300b778348922e150"}
,"/Users/aleksandrpavlov/subd2/routes/payments.js": {"path":"/Users/aleksandrpavlov/subd2/routes/payments.js","statementMap":{"0":{"start":{"line":1,"column":14},"end":{"line":1,"column":32}},"1":{"start":{"line":2,"column":13},"end":{"line":2,"column":29}},"2":{"start":{"line":4,"column":0},"end":{"line":22,"column":3}},"3":{"start":{"line":6,"column":19},"end":{"line":18,"column":6}},"4":{"start":{"line":19,"column":4},"end":{"line":19,"column":25}},"5":{"start":{"line":20,"column":4},"end":{"line":20,"column":73}},"6":{"start":{"line":24,"column":0},"end":{"line":24,"column":24}}},"fnMap":{"0":{"name":"(anonymous_0)","decl":{"start":{"line":4,"column":16},"end":{"line":4,"column":17}},"loc":{"start":{"line":4,"column":47},"end":{"line":22,"column":1}},"line":4}},"branchMap":{},"s":{"0":1,"1":1,"2":1,"3":0,"4":0,"5":0,"6":1},"f":{"0":0},"b":{},"_coverageSchema":"1a1c01bbd47fc00a2c39e90264f33305004495a9","hash":"4f766932b2aeee7a3098b6394ffc3dd8ad828122"}
,"/Users/aleksandrpavlov/subd2/routes/users.js": {"path":"/Users/aleksandrpavlov/subd2/routes/users.js","statementMap":{"0":{"start":{"line":1,"column":14},"end":{"line":1,"column":32}},"1":{"start":{"line":2,"column":13},"end":{"line":2,"column":29}},"2":{"start":{"line":4,"column":0},"end":{"line":8,"column":3}},"3":{"start":{"line":6,"column":4},"end":{"line":6,"column":55}},"4":{"start":{"line":11,"column":0},"end":{"line":11,"column":24}}},"fnMap":{"0":{"name":"(anonymous_0)","decl":{"start":{"line":4,"column":16},"end":{"line":4,"column":17}},"loc":{"start":{"line":4,"column":47},"end":{"line":8,"column":1}},"line":4}},"branchMap":{},"s":{"0":1,"1":1,"2":1,"3":0,"4":1},"f":{"0":0},"b":{},"_coverageSchema":"1a1c01bbd47fc00a2c39e90264f33305004495a9","hash":"ac8c5c46fe44844d8b4d7441a70f1f39ebe8c3a7"}
,"/Users/aleksandrpavlov/subd2/routes/api/auth.js": {"path":"/Users/aleksandrpavlov/subd2/routes/api/auth.js","statementMap":{"0":{"start":{"line":1,"column":14},"end":{"line":1,"column":32}},"1":{"start":{"line":2,"column":13},"end":{"line":2,"column":29}},"2":{"start":{"line":4,"column":0},"end":{"line":16,"column":3}},"3":{"start":{"line":6,"column":4},"end":{"line":6,"column":25}},"4":{"start":{"line":7,"column":17},"end":{"line":7,"column":76}},"5":{"start":{"line":9,"column":1},"end":{"line":13,"column":5}},"6":{"start":{"line":10,"column":8},"end":{"line":10,"column":90}},"7":{"start":{"line":11,"column":8},"end":{"line":11,"column":28}},"8":{"start":{"line":12,"column":8},"end":{"line":12,"column":15}},"9":{"start":{"line":14,"column":4},"end":{"line":14,"column":45}},"10":{"start":{"line":19,"column":0},"end":{"line":29,"column":3}},"11":{"start":{"line":21,"column":15},"end":{"line":21,"column":32}},"12":{"start":{"line":23,"column":4},"end":{"line":26,"column":5}},"13":{"start":{"line":24,"column":8},"end":{"line":24,"column":51}},"14":{"start":{"line":25,"column":8},"end":{"line":25,"column":28}},"15":{"start":{"line":27,"column":1},"end":{"line":27,"column":22}},"16":{"start":{"line":31,"column":0},"end":{"line":31,"column":24}}},"fnMap":{"0":{"name":"(anonymous_0)","decl":{"start":{"line":4,"column":22},"end":{"line":4,"column":23}},"loc":{"start":{"line":4,"column":47},"end":{"line":16,"column":1}},"line":4},"1":{"name":"(anonymous_1)","decl":{"start":{"line":19,"column":23},"end":{"line":19,"column":24}},"loc":{"start":{"line":19,"column":42},"end":{"line":29,"column":1}},"line":19}},"branchMap":{"0":{"loc":{"start":{"line":9,"column":1},"end":{"line":13,"column":5}},"type":"if","locations":[{"start":{"line":9,"column":1},"end":{"line":13,"column":5}},{"start":{},"end":{}}],"line":9},"1":{"loc":{"start":{"line":23,"column":4},"end":{"line":26,"column":5}},"type":"if","locations":[{"start":{"line":23,"column":4},"end":{"line":26,"column":5}},{"start":{},"end":{}}],"line":23}},"s":{"0":1,"1":1,"2":1,"3":0,"4":0,"5":0,"6":0,"7":0,"8":0,"9":0,"10":1,"11":0,"12":0,"13":0,"14":0,"15":0,"16":1},"f":{"0":0,"1":0},"b":{"0":[0,0],"1":[0,0]},"_coverageSchema":"1a1c01bbd47fc00a2c39e90264f33305004495a9","hash":"bf64b30a302752993858ab091462287cbcf28cf6"}
,"/Users/aleksandrpavlov/subd2/routes/api/clients.js": {"path":"/Users/aleksandrpavlov/subd2/routes/api/clients.js","statementMap":{"0":{"start":{"line":1,"column":14},"end":{"line":1,"column":32}},"1":{"start":{"line":2,"column":13},"end":{"line":2,"column":29}},"2":{"start":{"line":4,"column":0},"end":{"line":15,"column":3}},"3":{"start":{"line":6,"column":18},"end":{"line":11,"column":6}},"4":{"start":{"line":12,"column":4},"end":{"line":12,"column":24}},"5":{"start":{"line":13,"column":4},"end":{"line":13,"column":33}},"6":{"start":{"line":16,"column":0},"end":{"line":21,"column":2}},"7":{"start":{"line":17,"column":17},"end":{"line":17,"column":25}},"8":{"start":{"line":18,"column":8},"end":{"line":19,"column":58}},"9":{"start":{"line":20,"column":4},"end":{"line":20,"column":22}},"10":{"start":{"line":22,"column":1},"end":{"line":26,"column":3}},"11":{"start":{"line":23,"column":14},"end":{"line":23,"column":27}},"12":{"start":{"line":24,"column":5},"end":{"line":24,"column":60}},"13":{"start":{"line":25,"column":5},"end":{"line":25,"column":23}},"14":{"start":{"line":27,"column":0},"end":{"line":32,"column":2}},"15":{"start":{"line":28,"column":13},"end":{"line":28,"column":26}},"16":{"start":{"line":29,"column":17},"end":{"line":30,"column":45}},"17":{"start":{"line":31,"column":4},"end":{"line":31,"column":20}},"18":{"start":{"line":33,"column":0},"end":{"line":33,"column":24}}},"fnMap":{"0":{"name":"(anonymous_0)","decl":{"start":{"line":4,"column":16},"end":{"line":4,"column":17}},"loc":{"start":{"line":4,"column":47},"end":{"line":15,"column":1}},"line":4},"1":{"name":"(anonymous_1)","decl":{"start":{"line":16,"column":18},"end":{"line":16,"column":19}},"loc":{"start":{"line":16,"column":49},"end":{"line":21,"column":1}},"line":16},"2":{"name":"(anonymous_2)","decl":{"start":{"line":22,"column":25},"end":{"line":22,"column":26}},"loc":{"start":{"line":22,"column":50},"end":{"line":26,"column":2}},"line":22},"3":{"name":"(anonymous_3)","decl":{"start":{"line":27,"column":20},"end":{"line":27,"column":21}},"loc":{"start":{"line":27,"column":45},"end":{"line":32,"column":1}},"line":27}},"branchMap":{},"s":{"0":1,"1":1,"2":1,"3":0,"4":0,"5":0,"6":1,"7":0,"8":0,"9":0,"10":1,"11":0,"12":0,"13":0,"14":1,"15":0,"16":0,"17":0,"18":1},"f":{"0":0,"1":0,"2":0,"3":0},"b":{},"_coverageSchema":"1a1c01bbd47fc00a2c39e90264f33305004495a9","hash":"bf18732a6a435aa0a878a47b15491c7430212bbb"}
,"/Users/aleksandrpavlov/subd2/routes/api/users.js": {"path":"/Users/aleksandrpavlov/subd2/routes/api/users.js","statementMap":{"0":{"start":{"line":1,"column":14},"end":{"line":1,"column":32}},"1":{"start":{"line":2,"column":13},"end":{"line":2,"column":29}},"2":{"start":{"line":4,"column":0},"end":{"line":19,"column":3}},"3":{"start":{"line":6,"column":16},"end":{"line":15,"column":6}},"4":{"start":{"line":16,"column":4},"end":{"line":16,"column":22}},"5":{"start":{"line":17,"column":4},"end":{"line":17,"column":29}},"6":{"start":{"line":21,"column":0},"end":{"line":21,"column":24}}},"fnMap":{"0":{"name":"(anonymous_0)","decl":{"start":{"line":4,"column":16},"end":{"line":4,"column":17}},"loc":{"start":{"line":4,"column":47},"end":{"line":19,"column":1}},"line":4}},"branchMap":{},"s":{"0":1,"1":1,"2":1,"3":0,"4":0,"5":0,"6":1},"f":{"0":0},"b":{},"_coverageSchema":"1a1c01bbd47fc00a2c39e90264f33305004495a9","hash":"2e9ae5f487ca91157f07ddc7e809daff62448bc2"}
}
